  [1m[35m (0.1ms)[0m  [1m[34mSELECT sqlite_version(*)[0m
  ↳ bin/rails:9
  [1m[35m (1.4ms)[0m  [1m[35mCREATE TABLE "schema_migrations" ("version" varchar NOT NULL PRIMARY KEY)[0m
  ↳ bin/rails:9
  [1m[35m (1.4ms)[0m  [1m[35mCREATE TABLE "ar_internal_metadata" ("key" varchar NOT NULL PRIMARY KEY, "value" varchar, "created_at" datetime NOT NULL, "updated_at" datetime NOT NULL)[0m
  ↳ bin/rails:9
  [1m[35m (0.3ms)[0m  [1m[34mSELECT "schema_migrations"."version" FROM "schema_migrations" ORDER BY "schema_migrations"."version" ASC[0m
  ↳ bin/rails:9
Migrating to DeviseCreateUsers (20211128045151)
  [1m[35m (0.1ms)[0m  [1m[36mbegin transaction[0m
  ↳ bin/rails:9
  [1m[35m (1.2ms)[0m  [1m[35mCREATE TABLE "users" ("id" integer PRIMARY KEY AUTOINCREMENT NOT NULL, "email" varchar DEFAULT '' NOT NULL, "encrypted_password" varchar DEFAULT '' NOT NULL, "reset_password_token" varchar, "reset_password_sent_at" datetime, "remember_created_at" datetime, "created_at" datetime NOT NULL, "updated_at" datetime NOT NULL)[0m
  ↳ db/migrate/20211128045151_devise_create_users.rb:5
  [1m[35m (1.3ms)[0m  [1m[35mCREATE UNIQUE INDEX "index_users_on_email" ON "users" ("email")[0m
  ↳ db/migrate/20211128045151_devise_create_users.rb:39
  [1m[35m (0.3ms)[0m  [1m[35mCREATE UNIQUE INDEX "index_users_on_reset_password_token" ON "users" ("reset_password_token")[0m
  ↳ db/migrate/20211128045151_devise_create_users.rb:40
  [1m[36mActiveRecord::SchemaMigration Create (0.4ms)[0m  [1m[32mINSERT INTO "schema_migrations" ("version") VALUES (?)[0m  [["version", "20211128045151"]]
  ↳ bin/rails:9
  [1m[35m (2.5ms)[0m  [1m[36mcommit transaction[0m
  ↳ bin/rails:9
  [1m[36mActiveRecord::InternalMetadata Load (0.3ms)[0m  [1m[34mSELECT  "ar_internal_metadata".* FROM "ar_internal_metadata" WHERE "ar_internal_metadata"."key" = ? LIMIT ?[0m  [["key", "environment"], ["LIMIT", 1]]
  ↳ bin/rails:9
  [1m[35m (0.1ms)[0m  [1m[36mbegin transaction[0m
  ↳ bin/rails:9
  [1m[36mActiveRecord::InternalMetadata Create (1.8ms)[0m  [1m[32mINSERT INTO "ar_internal_metadata" ("key", "value", "created_at", "updated_at") VALUES (?, ?, ?, ?)[0m  [["key", "environment"], ["value", "development"], ["created_at", "2021-11-28 04:52:10.649470"], ["updated_at", "2021-11-28 04:52:10.649470"]]
  ↳ bin/rails:9
  [1m[35m (1.2ms)[0m  [1m[36mcommit transaction[0m
  ↳ bin/rails:9
  [1m[35m (0.2ms)[0m  [1m[34mSELECT "schema_migrations"."version" FROM "schema_migrations" ORDER BY "schema_migrations"."version" ASC[0m
  ↳ bin/rails:9
Started GET "/" for 127.0.0.1 at 2021-11-28 01:58:43 -0300
  
ArgumentError (Missing :controller key on routes definition, please check your routes.):
  
config/routes.rb:4:in `block in <main>'
config/routes.rb:1:in `<main>'
Started GET "/" for 127.0.0.1 at 2021-11-28 01:58:57 -0300
  [1m[35m (0.6ms)[0m  [1m[34mSELECT "schema_migrations"."version" FROM "schema_migrations" ORDER BY "schema_migrations"."version" ASC[0m
  ↳ /Users/macbook/.rvm/gems/ruby-2.7.3@rails526/gems/activerecord-5.2.6/lib/active_record/log_subscriber.rb:98
  
ActiveRecord::PendingMigrationError (

Migrations are pending. To resolve this issue, run:

        bin/rails db:migrate RAILS_ENV=development

):
  
activerecord (5.2.6) lib/active_record/migration.rb:579:in `check_pending!'
activerecord (5.2.6) lib/active_record/migration.rb:556:in `call'
actionpack (5.2.6) lib/action_dispatch/middleware/callbacks.rb:28:in `block in call'
activesupport (5.2.6) lib/active_support/callbacks.rb:98:in `run_callbacks'
actionpack (5.2.6) lib/action_dispatch/middleware/callbacks.rb:26:in `call'
actionpack (5.2.6) lib/action_dispatch/middleware/executor.rb:14:in `call'
actionpack (5.2.6) lib/action_dispatch/middleware/debug_exceptions.rb:61:in `call'
web-console (3.7.0) lib/web_console/middleware.rb:135:in `call_app'
web-console (3.7.0) lib/web_console/middleware.rb:30:in `block in call'
web-console (3.7.0) lib/web_console/middleware.rb:20:in `catch'
web-console (3.7.0) lib/web_console/middleware.rb:20:in `call'
actionpack (5.2.6) lib/action_dispatch/middleware/show_exceptions.rb:33:in `call'
railties (5.2.6) lib/rails/rack/logger.rb:38:in `call_app'
railties (5.2.6) lib/rails/rack/logger.rb:26:in `block in call'
activesupport (5.2.6) lib/active_support/tagged_logging.rb:71:in `block in tagged'
activesupport (5.2.6) lib/active_support/tagged_logging.rb:28:in `tagged'
activesupport (5.2.6) lib/active_support/tagged_logging.rb:71:in `tagged'
railties (5.2.6) lib/rails/rack/logger.rb:26:in `call'
sprockets-rails (3.4.1) lib/sprockets/rails/quiet_assets.rb:13:in `call'
actionpack (5.2.6) lib/action_dispatch/middleware/remote_ip.rb:81:in `call'
actionpack (5.2.6) lib/action_dispatch/middleware/request_id.rb:27:in `call'
rack (2.2.3) lib/rack/method_override.rb:24:in `call'
rack (2.2.3) lib/rack/runtime.rb:22:in `call'
activesupport (5.2.6) lib/active_support/cache/strategy/local_cache_middleware.rb:29:in `call'
actionpack (5.2.6) lib/action_dispatch/middleware/executor.rb:14:in `call'
actionpack (5.2.6) lib/action_dispatch/middleware/static.rb:127:in `call'
rack (2.2.3) lib/rack/sendfile.rb:110:in `call'
railties (5.2.6) lib/rails/engine.rb:524:in `call'
puma (3.12.6) lib/puma/configuration.rb:227:in `call'
puma (3.12.6) lib/puma/server.rb:706:in `handle_request'
puma (3.12.6) lib/puma/server.rb:476:in `process_client'
puma (3.12.6) lib/puma/server.rb:334:in `block in run'
puma (3.12.6) lib/puma/thread_pool.rb:135:in `block in spawn_thread'
  [1m[35m (0.6ms)[0m  [1m[34mSELECT "schema_migrations"."version" FROM "schema_migrations" ORDER BY "schema_migrations"."version" ASC[0m
  ↳ bin/rails:9
Migrating to CreateActiveStorageTables (20211128045507)
  [1m[35m (0.1ms)[0m  [1m[36mbegin transaction[0m
  ↳ bin/rails:9
Started GET "/" for 127.0.0.1 at 2021-11-28 02:00:29 -0300
  [1m[35m (0.9ms)[0m  [1m[34mSELECT sqlite_version(*)[0m
  ↳ db/migrate/20211128045507_create_active_storage_tables.active_storage.rb:4
  [1m[35m (0.3ms)[0m  [1m[34mSELECT "schema_migrations"."version" FROM "schema_migrations" ORDER BY "schema_migrations"."version" ASC[0m
  [1m[35m (1.1ms)[0m  [1m[35mCREATE TABLE "active_storage_blobs" ("id" integer PRIMARY KEY AUTOINCREMENT NOT NULL, "key" varchar NOT NULL, "filename" varchar NOT NULL, "content_type" varchar, "metadata" text, "byte_size" bigint NOT NULL, "checksum" varchar NOT NULL, "created_at" datetime NOT NULL)[0m
  ↳ /Users/macbook/.rvm/gems/ruby-2.7.3@rails526/gems/activerecord-5.2.6/lib/active_record/log_subscriber.rb:98
  ↳ db/migrate/20211128045507_create_active_storage_tables.active_storage.rb:4
  
ActiveRecord::PendingMigrationError (

Migrations are pending. To resolve this issue, run:

        bin/rails db:migrate RAILS_ENV=development

):
  
  [1m[35m (0.3ms)[0m  [1m[35mCREATE UNIQUE INDEX "index_active_storage_blobs_on_key" ON "active_storage_blobs" ("key")[0m
activerecord (5.2.6) lib/active_record/migration.rb:579:in `check_pending!'
activerecord (5.2.6) lib/active_record/migration.rb:556:in `call'
actionpack (5.2.6) lib/action_dispatch/middleware/callbacks.rb:28:in `block in call'
activesupport (5.2.6) lib/active_support/callbacks.rb:98:in `run_callbacks'
actionpack (5.2.6) lib/action_dispatch/middleware/callbacks.rb:26:in `call'
actionpack (5.2.6) lib/action_dispatch/middleware/executor.rb:14:in `call'
actionpack (5.2.6) lib/action_dispatch/middleware/debug_exceptions.rb:61:in `call'
web-console (3.7.0) lib/web_console/middleware.rb:135:in `call_app'
web-console (3.7.0) lib/web_console/middleware.rb:30:in `block in call'
web-console (3.7.0) lib/web_console/middleware.rb:20:in `catch'
web-console (3.7.0) lib/web_console/middleware.rb:20:in `call'
actionpack (5.2.6) lib/action_dispatch/middleware/show_exceptions.rb:33:in `call'
railties (5.2.6) lib/rails/rack/logger.rb:38:in `call_app'
railties (5.2.6) lib/rails/rack/logger.rb:26:in `block in call'
activesupport (5.2.6) lib/active_support/tagged_logging.rb:71:in `block in tagged'
activesupport (5.2.6) lib/active_support/tagged_logging.rb:28:in `tagged'
activesupport (5.2.6) lib/active_support/tagged_logging.rb:71:in `tagged'
railties (5.2.6) lib/rails/rack/logger.rb:26:in `call'
sprockets-rails (3.4.1) lib/sprockets/rails/quiet_assets.rb:13:in `call'
actionpack (5.2.6) lib/action_dispatch/middleware/remote_ip.rb:81:in `call'
actionpack (5.2.6) lib/action_dispatch/middleware/request_id.rb:27:in `call'
rack (2.2.3) lib/rack/method_override.rb:24:in `call'
rack (2.2.3) lib/rack/runtime.rb:22:in `call'
activesupport (5.2.6) lib/active_support/cache/strategy/local_cache_middleware.rb:29:in `call'
actionpack (5.2.6) lib/action_dispatch/middleware/executor.rb:14:in `call'
actionpack (5.2.6) lib/action_dispatch/middleware/static.rb:127:in `call'
rack (2.2.3) lib/rack/sendfile.rb:110:in `call'
railties (5.2.6) lib/rails/engine.rb:524:in `call'
puma (3.12.6) lib/puma/configuration.rb:227:in `call'
puma (3.12.6) lib/puma/server.rb:706:in `handle_request'
puma (3.12.6) lib/puma/server.rb:476:in `process_client'
puma (3.12.6) lib/puma/server.rb:334:in `block in run'
puma (3.12.6) lib/puma/thread_pool.rb:135:in `block in spawn_thread'
  ↳ db/migrate/20211128045507_create_active_storage_tables.active_storage.rb:4
  [1m[35m (1.6ms)[0m  [1m[35mCREATE TABLE "active_storage_attachments" ("id" integer PRIMARY KEY AUTOINCREMENT NOT NULL, "name" varchar NOT NULL, "record_type" varchar NOT NULL, "record_id" integer NOT NULL, "blob_id" integer NOT NULL, "created_at" datetime NOT NULL, CONSTRAINT "fk_rails_c3b3935057"
FOREIGN KEY ("blob_id")
  REFERENCES "active_storage_blobs" ("id")
)[0m
  ↳ db/migrate/20211128045507_create_active_storage_tables.active_storage.rb:16
  [1m[35m (0.3ms)[0m  [1m[35mCREATE  INDEX "index_active_storage_attachments_on_blob_id" ON "active_storage_attachments" ("blob_id")[0m
  ↳ db/migrate/20211128045507_create_active_storage_tables.active_storage.rb:16
  [1m[35m (0.4ms)[0m  [1m[35mCREATE UNIQUE INDEX "index_active_storage_attachments_uniqueness" ON "active_storage_attachments" ("record_type", "record_id", "name", "blob_id")[0m
  ↳ db/migrate/20211128045507_create_active_storage_tables.active_storage.rb:16
  [1m[36mActiveRecord::SchemaMigration Create (0.8ms)[0m  [1m[32mINSERT INTO "schema_migrations" ("version") VALUES (?)[0m  [["version", "20211128045507"]]
  ↳ bin/rails:9
  [1m[35m (3.2ms)[0m  [1m[36mcommit transaction[0m
  ↳ bin/rails:9
  [1m[36mActiveRecord::InternalMetadata Load (1.0ms)[0m  [1m[34mSELECT  "ar_internal_metadata".* FROM "ar_internal_metadata" WHERE "ar_internal_metadata"."key" = ? LIMIT ?[0m  [["key", "environment"], ["LIMIT", 1]]
  ↳ bin/rails:9
  [1m[35m (0.1ms)[0m  [1m[36mbegin transaction[0m
  ↳ bin/rails:9
  [1m[35m (0.1ms)[0m  [1m[36mcommit transaction[0m
  ↳ bin/rails:9
  [1m[35m (0.2ms)[0m  [1m[34mSELECT "schema_migrations"."version" FROM "schema_migrations" ORDER BY "schema_migrations"."version" ASC[0m
  ↳ bin/rails:9
Started GET "/" for 127.0.0.1 at 2021-11-28 02:00:34 -0300
  [1m[35m (0.4ms)[0m  [1m[34mSELECT "schema_migrations"."version" FROM "schema_migrations" ORDER BY "schema_migrations"."version" ASC[0m
  ↳ /Users/macbook/.rvm/gems/ruby-2.7.3@rails526/gems/activerecord-5.2.6/lib/active_record/log_subscriber.rb:98
  
ActionController::RoutingError (undefined method `has_many_attached' for ApplicationController:Class):
  
app/controllers/application_controller.rb:2:in `<class:ApplicationController>'
app/controllers/application_controller.rb:1:in `<main>'
app/controllers/homes_controller.rb:1:in `<main>'
Started GET "/" for 127.0.0.1 at 2021-11-28 02:01:16 -0300
  
ActionController::RoutingError (undefined method `has_one_attached' for ApplicationController:Class):
  
app/controllers/application_controller.rb:2:in `<class:ApplicationController>'
app/controllers/application_controller.rb:1:in `<main>'
app/controllers/homes_controller.rb:1:in `<main>'
Started GET "/" for 127.0.0.1 at 2021-11-28 02:01:44 -0300
Processing by HomesController#index as HTML
  Rendering homes/index.html.erb within layouts/application
  Rendered homes/index.html.erb within layouts/application (0.3ms)
Completed 200 OK in 926ms (Views: 923.9ms | ActiveRecord: 0.0ms)


Started GET "/" for 127.0.0.1 at 2021-11-28 02:02:32 -0300
Processing by HomesController#index as HTML
  Rendering homes/index.html.erb within layouts/application
  Rendered homes/index.html.erb within layouts/application (0.6ms)
Completed 200 OK in 50ms (Views: 47.6ms | ActiveRecord: 0.0ms)


Started GET "/users/sign_up" for 127.0.0.1 at 2021-11-28 02:03:08 -0300
Processing by Devise::RegistrationsController#new as HTML
  Rendering devise/registrations/new.html.erb within layouts/application
  Rendered devise/shared/_error_messages.html.erb (0.7ms)
  Rendered devise/shared/_links.html.erb (1.4ms)
  Rendered devise/registrations/new.html.erb within layouts/application (45.4ms)
Completed 200 OK in 96ms (Views: 73.3ms | ActiveRecord: 1.5ms)


Started POST "/users" for 127.0.0.1 at 2021-11-28 02:08:36 -0300
Processing by Devise::RegistrationsController#create as HTML
  Parameters: {"utf8"=>"✓", "authenticity_token"=>"SM6lrWgCd7O6nkorZs6VbgB6y1WOZod8IYZN6R+44UbjDgFilIIvjz4eyN9crQchvtt8P4PnMARhwglGA673Yg==", "user"=>{"email"=>"fsalas3@live.es", "password"=>"[FILTERED]", "password_confirmation"=>"[FILTERED]", "avatar"=>#<ActionDispatch::Http::UploadedFile:0x00007f9932a74428 @tempfile=#<Tempfile:/var/folders/dx/r3hklpw91nj5m83k8tm_f1pw0000gn/T/RackMultipart20211128-33365-1u2dl4j.png>, @original_filename="unnamed.png", @content_type="image/png", @headers="Content-Disposition: form-data; name=\"user[avatar]\"; filename=\"unnamed.png\"\r\nContent-Type: image/png\r\n">}, "commit"=>"Sign up"}
Unpermitted parameter: :avatar
  [1m[35m (0.1ms)[0m  [1m[36mbegin transaction[0m
  ↳ /Users/macbook/.rvm/gems/ruby-2.7.3@rails526/gems/activerecord-5.2.6/lib/active_record/log_subscriber.rb:98
  [1m[36mUser Exists (0.8ms)[0m  [1m[34mSELECT  1 AS one FROM "users" WHERE "users"."email" = ? LIMIT ?[0m  [["email", "fsalas3@live.es"], ["LIMIT", 1]]
  ↳ /Users/macbook/.rvm/gems/ruby-2.7.3@rails526/gems/activerecord-5.2.6/lib/active_record/log_subscriber.rb:98
  [1m[36mUser Create (1.4ms)[0m  [1m[32mINSERT INTO "users" ("email", "encrypted_password", "created_at", "updated_at") VALUES (?, ?, ?, ?)[0m  [["email", "fsalas3@live.es"], ["encrypted_password", "$2a$12$2h5QY/mxx1qRJt9hhP4DqOvnLHBSUTbu2j/SJRVUumh9UCA3LXMsa"], ["created_at", "2021-11-28 05:08:36.346347"], ["updated_at", "2021-11-28 05:08:36.346347"]]
  ↳ /Users/macbook/.rvm/gems/ruby-2.7.3@rails526/gems/activerecord-5.2.6/lib/active_record/log_subscriber.rb:98
  [1m[35m (1.4ms)[0m  [1m[36mcommit transaction[0m
  ↳ /Users/macbook/.rvm/gems/ruby-2.7.3@rails526/gems/activerecord-5.2.6/lib/active_record/log_subscriber.rb:98
Redirected to http://localhost:3000/
Completed 302 Found in 327ms (ActiveRecord: 3.7ms)


Started GET "/" for 127.0.0.1 at 2021-11-28 02:08:36 -0300
Processing by HomesController#index as HTML
  Rendering homes/index.html.erb within layouts/application
  Rendered homes/index.html.erb within layouts/application (0.7ms)
Completed 200 OK in 62ms (Views: 58.8ms | ActiveRecord: 0.0ms)


Started GET "/users/sign_up" for 127.0.0.1 at 2021-11-28 02:09:47 -0300
  [1m[35m (0.2ms)[0m  [1m[34mSELECT "schema_migrations"."version" FROM "schema_migrations" ORDER BY "schema_migrations"."version" ASC[0m
  ↳ /Users/macbook/.rvm/gems/ruby-2.7.3@rails526/gems/activerecord-5.2.6/lib/active_record/log_subscriber.rb:98
Processing by Devise::RegistrationsController#new as HTML
  [1m[36mUser Load (0.3ms)[0m  [1m[34mSELECT  "users".* FROM "users" WHERE "users"."id" = ? ORDER BY "users"."id" ASC LIMIT ?[0m  [["id", 1], ["LIMIT", 1]]
  ↳ /Users/macbook/.rvm/gems/ruby-2.7.3@rails526/gems/activerecord-5.2.6/lib/active_record/log_subscriber.rb:98
Redirected to http://localhost:3000/
Filter chain halted as :require_no_authentication rendered or redirected
Completed 302 Found in 27ms (ActiveRecord: 1.2ms)


Started GET "/" for 127.0.0.1 at 2021-11-28 02:09:47 -0300
Processing by HomesController#index as HTML
  Rendering homes/index.html.erb within layouts/application
  Rendered homes/index.html.erb within layouts/application (1.3ms)
Completed 200 OK in 592ms (Views: 589.1ms | ActiveRecord: 0.0ms)


Started GET "/users/sign_up" for 127.0.0.1 at 2021-11-28 02:09:53 -0300
Processing by Devise::RegistrationsController#new as HTML
  [1m[36mUser Load (0.1ms)[0m  [1m[34mSELECT  "users".* FROM "users" WHERE "users"."id" = ? ORDER BY "users"."id" ASC LIMIT ?[0m  [["id", 1], ["LIMIT", 1]]
  ↳ /Users/macbook/.rvm/gems/ruby-2.7.3@rails526/gems/activerecord-5.2.6/lib/active_record/log_subscriber.rb:98
Redirected to http://localhost:3000/
Filter chain halted as :require_no_authentication rendered or redirected
Completed 302 Found in 2ms (ActiveRecord: 0.1ms)


Started GET "/" for 127.0.0.1 at 2021-11-28 02:09:53 -0300
Processing by HomesController#index as HTML
  Rendering homes/index.html.erb within layouts/application
  Rendered homes/index.html.erb within layouts/application (0.5ms)
Completed 200 OK in 26ms (Views: 24.7ms | ActiveRecord: 0.0ms)


Started GET "/users/sign_in" for 127.0.0.1 at 2021-11-28 02:10:06 -0300
Processing by Devise::SessionsController#new as HTML
  [1m[36mUser Load (0.2ms)[0m  [1m[34mSELECT  "users".* FROM "users" WHERE "users"."id" = ? ORDER BY "users"."id" ASC LIMIT ?[0m  [["id", 1], ["LIMIT", 1]]
  ↳ /Users/macbook/.rvm/gems/ruby-2.7.3@rails526/gems/activerecord-5.2.6/lib/active_record/log_subscriber.rb:98
Redirected to http://localhost:3000/
Filter chain halted as :require_no_authentication rendered or redirected
Completed 302 Found in 3ms (ActiveRecord: 0.2ms)


Started GET "/" for 127.0.0.1 at 2021-11-28 02:10:06 -0300
Processing by HomesController#index as HTML
  Rendering homes/index.html.erb within layouts/application
  Rendered homes/index.html.erb within layouts/application (0.4ms)
Completed 200 OK in 249ms (Views: 247.3ms | ActiveRecord: 0.0ms)


Started GET "/users/sign_up" for 127.0.0.1 at 2021-11-28 02:10:30 -0300
Processing by Devise::RegistrationsController#new as HTML
  [1m[36mUser Load (0.4ms)[0m  [1m[34mSELECT  "users".* FROM "users" WHERE "users"."id" = ? ORDER BY "users"."id" ASC LIMIT ?[0m  [["id", 1], ["LIMIT", 1]]
  ↳ /Users/macbook/.rvm/gems/ruby-2.7.3@rails526/gems/activerecord-5.2.6/lib/active_record/log_subscriber.rb:98
Redirected to http://localhost:3000/
Filter chain halted as :require_no_authentication rendered or redirected
Completed 302 Found in 19ms (ActiveRecord: 1.5ms)


Started GET "/" for 127.0.0.1 at 2021-11-28 02:10:30 -0300
Processing by HomesController#index as HTML
  Rendering homes/index.html.erb within layouts/application
  Rendered homes/index.html.erb within layouts/application (0.8ms)
Completed 200 OK in 44ms (Views: 41.3ms | ActiveRecord: 0.0ms)


Started GET "/users/sign_up" for 127.0.0.1 at 2021-11-28 02:10:44 -0300
  [1m[35m (0.2ms)[0m  [1m[34mSELECT "schema_migrations"."version" FROM "schema_migrations" ORDER BY "schema_migrations"."version" ASC[0m
  ↳ /Users/macbook/.rvm/gems/ruby-2.7.3@rails526/gems/activerecord-5.2.6/lib/active_record/log_subscriber.rb:98
Processing by Devise::RegistrationsController#new as HTML
  [1m[36mUser Load (0.4ms)[0m  [1m[34mSELECT  "users".* FROM "users" WHERE "users"."id" = ? ORDER BY "users"."id" ASC LIMIT ?[0m  [["id", 1], ["LIMIT", 1]]
  ↳ /Users/macbook/.rvm/gems/ruby-2.7.3@rails526/gems/activerecord-5.2.6/lib/active_record/log_subscriber.rb:98
Redirected to http://localhost:3000/
Filter chain halted as :require_no_authentication rendered or redirected
Completed 302 Found in 31ms (ActiveRecord: 1.1ms)


Started GET "/" for 127.0.0.1 at 2021-11-28 02:10:44 -0300
Processing by HomesController#index as HTML
  Rendering homes/index.html.erb within layouts/application
  Rendered homes/index.html.erb within layouts/application (1.4ms)
Completed 200 OK in 271ms (Views: 268.8ms | ActiveRecord: 0.0ms)


Started GET "/users/sign_up" for 127.0.0.1 at 2021-11-28 02:10:47 -0300
Processing by Devise::RegistrationsController#new as HTML
  [1m[36mUser Load (0.1ms)[0m  [1m[34mSELECT  "users".* FROM "users" WHERE "users"."id" = ? ORDER BY "users"."id" ASC LIMIT ?[0m  [["id", 1], ["LIMIT", 1]]
  ↳ /Users/macbook/.rvm/gems/ruby-2.7.3@rails526/gems/activerecord-5.2.6/lib/active_record/log_subscriber.rb:98
Redirected to http://localhost:3000/
Filter chain halted as :require_no_authentication rendered or redirected
Completed 302 Found in 3ms (ActiveRecord: 0.1ms)


Started GET "/" for 127.0.0.1 at 2021-11-28 02:10:47 -0300
Processing by HomesController#index as HTML
  Rendering homes/index.html.erb within layouts/application
  Rendered homes/index.html.erb within layouts/application (0.5ms)
Completed 200 OK in 25ms (Views: 22.8ms | ActiveRecord: 0.0ms)


Started GET "/users/sign_up" for 127.0.0.1 at 2021-11-28 02:10:57 -0300
Processing by Devise::RegistrationsController#new as HTML
  [1m[36mUser Load (0.2ms)[0m  [1m[34mSELECT  "users".* FROM "users" WHERE "users"."id" = ? ORDER BY "users"."id" ASC LIMIT ?[0m  [["id", 1], ["LIMIT", 1]]
  ↳ /Users/macbook/.rvm/gems/ruby-2.7.3@rails526/gems/activerecord-5.2.6/lib/active_record/log_subscriber.rb:98
Redirected to http://localhost:3000/
Filter chain halted as :require_no_authentication rendered or redirected
Completed 302 Found in 3ms (ActiveRecord: 0.2ms)


Started GET "/" for 127.0.0.1 at 2021-11-28 02:10:57 -0300
Processing by HomesController#index as HTML
  Rendering homes/index.html.erb within layouts/application
  Rendered homes/index.html.erb within layouts/application (0.5ms)
Completed 200 OK in 29ms (Views: 26.6ms | ActiveRecord: 0.0ms)


Started GET "/users/sign_up" for 127.0.0.1 at 2021-11-28 02:11:12 -0300
Processing by Devise::RegistrationsController#new as HTML
  [1m[36mUser Load (0.2ms)[0m  [1m[34mSELECT  "users".* FROM "users" WHERE "users"."id" = ? ORDER BY "users"."id" ASC LIMIT ?[0m  [["id", 1], ["LIMIT", 1]]
  ↳ /Users/macbook/.rvm/gems/ruby-2.7.3@rails526/gems/activerecord-5.2.6/lib/active_record/log_subscriber.rb:98
Redirected to http://localhost:3000/
Filter chain halted as :require_no_authentication rendered or redirected
Completed 302 Found in 4ms (ActiveRecord: 0.2ms)


Started GET "/" for 127.0.0.1 at 2021-11-28 02:11:12 -0300
Processing by HomesController#index as HTML
  Rendering homes/index.html.erb within layouts/application
  Rendered homes/index.html.erb within layouts/application (0.5ms)
Completed 200 OK in 64ms (Views: 61.8ms | ActiveRecord: 0.0ms)


Started GET "/users/sign_up" for 127.0.0.1 at 2021-11-28 02:11:15 -0300
Processing by Devise::RegistrationsController#new as HTML
  [1m[36mUser Load (0.2ms)[0m  [1m[34mSELECT  "users".* FROM "users" WHERE "users"."id" = ? ORDER BY "users"."id" ASC LIMIT ?[0m  [["id", 1], ["LIMIT", 1]]
  ↳ /Users/macbook/.rvm/gems/ruby-2.7.3@rails526/gems/activerecord-5.2.6/lib/active_record/log_subscriber.rb:98
Redirected to http://localhost:3000/
Filter chain halted as :require_no_authentication rendered or redirected
Completed 302 Found in 2ms (ActiveRecord: 0.2ms)


Started GET "/" for 127.0.0.1 at 2021-11-28 02:11:15 -0300
Processing by HomesController#index as HTML
  Rendering homes/index.html.erb within layouts/application
  Rendered homes/index.html.erb within layouts/application (0.5ms)
Completed 200 OK in 29ms (Views: 27.3ms | ActiveRecord: 0.0ms)


Started GET "/users/sign_up" for 127.0.0.1 at 2021-11-28 02:11:28 -0300
Processing by Devise::RegistrationsController#new as HTML
  Rendering devise/registrations/new.html.erb within layouts/application
  Rendered devise/shared/_error_messages.html.erb (0.7ms)
  Rendered devise/shared/_links.html.erb (1.2ms)
  Rendered devise/registrations/new.html.erb within layouts/application (27.2ms)
Completed 200 OK in 62ms (Views: 59.0ms | ActiveRecord: 0.0ms)


Started POST "/users" for 127.0.0.1 at 2021-11-28 02:11:43 -0300
Processing by Devise::RegistrationsController#create as HTML
  Parameters: {"utf8"=>"✓", "authenticity_token"=>"jRq7U96bGu9IyR5Z9yPvf16QAYsY05+RokrwZ6VoygmLEdXeBTU2FlD6fWdfBweRPv2l0O/CxEsBnLxSsNoDQA==", "user"=>{"email"=>"fsalas3@live.es", "password"=>"[FILTERED]", "password_confirmation"=>"[FILTERED]", "avatar"=>#<ActionDispatch::Http::UploadedFile:0x00007fd12edd4080 @tempfile=#<Tempfile:/var/folders/dx/r3hklpw91nj5m83k8tm_f1pw0000gn/T/RackMultipart20211128-34158-3aznju.jpg>, @original_filename="Perfil-Profissional.jpg", @content_type="image/jpeg", @headers="Content-Disposition: form-data; name=\"user[avatar]\"; filename=\"Perfil-Profissional.jpg\"\r\nContent-Type: image/jpeg\r\n">}, "commit"=>"Sign up"}
Unpermitted parameter: :avatar
  [1m[35m (0.1ms)[0m  [1m[36mbegin transaction[0m
  ↳ /Users/macbook/.rvm/gems/ruby-2.7.3@rails526/gems/activerecord-5.2.6/lib/active_record/log_subscriber.rb:98
  [1m[36mUser Exists (0.2ms)[0m  [1m[34mSELECT  1 AS one FROM "users" WHERE "users"."email" = ? LIMIT ?[0m  [["email", "fsalas3@live.es"], ["LIMIT", 1]]
  ↳ /Users/macbook/.rvm/gems/ruby-2.7.3@rails526/gems/activerecord-5.2.6/lib/active_record/log_subscriber.rb:98
  [1m[35m (0.1ms)[0m  [1m[31mrollback transaction[0m
  ↳ /Users/macbook/.rvm/gems/ruby-2.7.3@rails526/gems/activerecord-5.2.6/lib/active_record/log_subscriber.rb:98
  Rendering devise/registrations/new.html.erb within layouts/application
  Rendered devise/shared/_error_messages.html.erb (1.3ms)
  Rendered devise/shared/_links.html.erb (1.0ms)
  Rendered devise/registrations/new.html.erb within layouts/application (8.1ms)
Completed 200 OK in 370ms (Views: 42.7ms | ActiveRecord: 0.3ms)


Started POST "/users" for 127.0.0.1 at 2021-11-28 02:11:59 -0300
Processing by Devise::RegistrationsController#create as HTML
  Parameters: {"utf8"=>"✓", "authenticity_token"=>"g73Sl9kg+N2AS8JuUdPTHrsy3QxFfUN0nZJK0dTQ8O+FtrwaAo7UJJh4oVD59zvw2195V7JsGK4+RAbkwWI5pg==", "user"=>{"email"=>"fsales3@live.es", "password"=>"[FILTERED]", "password_confirmation"=>"[FILTERED]", "avatar"=>#<ActionDispatch::Http::UploadedFile:0x00007fd12ea34448 @tempfile=#<Tempfile:/var/folders/dx/r3hklpw91nj5m83k8tm_f1pw0000gn/T/RackMultipart20211128-34158-8j3ef3.jpg>, @original_filename="Perfil-Profissional.jpg", @content_type="image/jpeg", @headers="Content-Disposition: form-data; name=\"user[avatar]\"; filename=\"Perfil-Profissional.jpg\"\r\nContent-Type: image/jpeg\r\n">}, "commit"=>"Sign up"}
Unpermitted parameter: :avatar
  [1m[35m (0.1ms)[0m  [1m[36mbegin transaction[0m
  ↳ /Users/macbook/.rvm/gems/ruby-2.7.3@rails526/gems/activerecord-5.2.6/lib/active_record/log_subscriber.rb:98
  [1m[36mUser Exists (0.2ms)[0m  [1m[34mSELECT  1 AS one FROM "users" WHERE "users"."email" = ? LIMIT ?[0m  [["email", "fsales3@live.es"], ["LIMIT", 1]]
  ↳ /Users/macbook/.rvm/gems/ruby-2.7.3@rails526/gems/activerecord-5.2.6/lib/active_record/log_subscriber.rb:98
  [1m[36mUser Create (1.1ms)[0m  [1m[32mINSERT INTO "users" ("email", "encrypted_password", "created_at", "updated_at") VALUES (?, ?, ?, ?)[0m  [["email", "fsales3@live.es"], ["encrypted_password", "$2a$12$qBRzpiBUtyHqLsEqy/Jkk.6mXR3KkA6SjvBvwyr1u8X5WGsMe0GCa"], ["created_at", "2021-11-28 05:11:59.732666"], ["updated_at", "2021-11-28 05:11:59.732666"]]
  ↳ /Users/macbook/.rvm/gems/ruby-2.7.3@rails526/gems/activerecord-5.2.6/lib/active_record/log_subscriber.rb:98
  [1m[35m (1.1ms)[0m  [1m[36mcommit transaction[0m
  ↳ /Users/macbook/.rvm/gems/ruby-2.7.3@rails526/gems/activerecord-5.2.6/lib/active_record/log_subscriber.rb:98
Redirected to http://localhost:3000/
Completed 302 Found in 311ms (ActiveRecord: 2.5ms)


Started GET "/" for 127.0.0.1 at 2021-11-28 02:11:59 -0300
Processing by HomesController#index as HTML
  Rendering homes/index.html.erb within layouts/application
  Rendered homes/index.html.erb within layouts/application (0.4ms)
Completed 200 OK in 23ms (Views: 21.1ms | ActiveRecord: 0.0ms)


Started GET "/users/sign_up" for 127.0.0.1 at 2021-11-28 02:14:48 -0300
  [1m[35m (0.4ms)[0m  [1m[34mSELECT "schema_migrations"."version" FROM "schema_migrations" ORDER BY "schema_migrations"."version" ASC[0m
  ↳ /Users/macbook/.rvm/gems/ruby-2.7.3@rails526/gems/activerecord-5.2.6/lib/active_record/log_subscriber.rb:98
Processing by Devise::RegistrationsController#new as HTML
  Rendering devise/registrations/new.html.erb within layouts/application
  Rendered devise/shared/_error_messages.html.erb (0.8ms)
  Rendered devise/shared/_links.html.erb (1.5ms)
  Rendered devise/registrations/new.html.erb within layouts/application (29.9ms)
Completed 200 OK in 378ms (Views: 354.5ms | ActiveRecord: 1.3ms)


Started POST "/users" for 127.0.0.1 at 2021-11-28 02:15:05 -0300
Processing by Devise::RegistrationsController#create as HTML
  Parameters: {"utf8"=>"✓", "authenticity_token"=>"WfDqklOvLC2j1kQqa769mf5TP0oREq76PTEkfV9kE/MrAwNH+QNbgpMqzf/ynQ7qYlA2lx6oQf9D0+Wwb3CBLQ==", "user"=>{"email"=>"fsalfd@live.es", "password"=>"[FILTERED]", "password_confirmation"=>"[FILTERED]", "avatar"=>#<ActionDispatch::Http::UploadedFile:0x00007faa50498480 @tempfile=#<Tempfile:/var/folders/dx/r3hklpw91nj5m83k8tm_f1pw0000gn/T/RackMultipart20211128-34428-1whx9oz.png>, @original_filename="unnamed.png", @content_type="image/png", @headers="Content-Disposition: form-data; name=\"user[avatar]\"; filename=\"unnamed.png\"\r\nContent-Type: image/png\r\n">}, "commit"=>"Sign up"}
Unpermitted parameter: :avatar
  [1m[35m (0.1ms)[0m  [1m[36mbegin transaction[0m
  ↳ /Users/macbook/.rvm/gems/ruby-2.7.3@rails526/gems/activerecord-5.2.6/lib/active_record/log_subscriber.rb:98
  [1m[36mUser Exists (0.2ms)[0m  [1m[34mSELECT  1 AS one FROM "users" WHERE "users"."email" = ? LIMIT ?[0m  [["email", "fsalfd@live.es"], ["LIMIT", 1]]
  ↳ /Users/macbook/.rvm/gems/ruby-2.7.3@rails526/gems/activerecord-5.2.6/lib/active_record/log_subscriber.rb:98
  [1m[36mUser Create (0.8ms)[0m  [1m[32mINSERT INTO "users" ("email", "encrypted_password", "created_at", "updated_at") VALUES (?, ?, ?, ?)[0m  [["email", "fsalfd@live.es"], ["encrypted_password", "$2a$12$6pbgKfkiecliEdat3VlEOuXtErv5IEX8MtT.EJ9Hy9wAQqEU26Ozi"], ["created_at", "2021-11-28 05:15:05.551924"], ["updated_at", "2021-11-28 05:15:05.551924"]]
  ↳ /Users/macbook/.rvm/gems/ruby-2.7.3@rails526/gems/activerecord-5.2.6/lib/active_record/log_subscriber.rb:98
  [1m[35m (1.3ms)[0m  [1m[36mcommit transaction[0m
  ↳ /Users/macbook/.rvm/gems/ruby-2.7.3@rails526/gems/activerecord-5.2.6/lib/active_record/log_subscriber.rb:98
Redirected to http://localhost:3000/
Completed 302 Found in 335ms (ActiveRecord: 2.5ms)


Started GET "/" for 127.0.0.1 at 2021-11-28 02:15:05 -0300
Processing by HomesController#index as HTML
  Rendering homes/index.html.erb within layouts/application
  Rendered homes/index.html.erb within layouts/application (0.4ms)
Completed 200 OK in 48ms (Views: 45.1ms | ActiveRecord: 0.0ms)


Started GET "/users/sign_up" for 127.0.0.1 at 2021-11-28 02:21:51 -0300
  [1m[35m (0.6ms)[0m  [1m[34mSELECT "schema_migrations"."version" FROM "schema_migrations" ORDER BY "schema_migrations"."version" ASC[0m
  ↳ /Users/macbook/.rvm/gems/ruby-2.7.3@rails526/gems/activerecord-5.2.6/lib/active_record/log_subscriber.rb:98
Processing by Devise::RegistrationsController#new as HTML
  [1m[36mUser Load (0.5ms)[0m  [1m[34mSELECT  "users".* FROM "users" WHERE "users"."id" = ? ORDER BY "users"."id" ASC LIMIT ?[0m  [["id", 3], ["LIMIT", 1]]
  ↳ /Users/macbook/.rvm/gems/ruby-2.7.3@rails526/gems/activerecord-5.2.6/lib/active_record/log_subscriber.rb:98
Redirected to http://localhost:3000/
Filter chain halted as :require_no_authentication rendered or redirected
Completed 302 Found in 31ms (ActiveRecord: 1.3ms)


Started GET "/" for 127.0.0.1 at 2021-11-28 02:21:51 -0300
Processing by HomesController#index as HTML
  Rendering homes/index.html.erb within layouts/application
  Rendered homes/index.html.erb within layouts/application (1.2ms)
Completed 200 OK in 309ms (Views: 299.9ms | ActiveRecord: 0.0ms)


Started GET "/" for 127.0.0.1 at 2021-11-28 02:22:03 -0300
Processing by HomesController#index as HTML
  Rendering homes/index.html.erb within layouts/application
  Rendered homes/index.html.erb within layouts/application (0.6ms)
Completed 200 OK in 78ms (Views: 76.5ms | ActiveRecord: 0.0ms)


Started GET "/users/sign_up" for 127.0.0.1 at 2021-11-28 02:22:07 -0300
Processing by Devise::RegistrationsController#new as HTML
  Rendering devise/registrations/new.html.erb within layouts/application
  Rendered devise/shared/_error_messages.html.erb (1.2ms)
  Rendered devise/shared/_links.html.erb (2.4ms)
  Rendered devise/registrations/new.html.erb within layouts/application (24.7ms)
Completed 200 OK in 87ms (Views: 82.0ms | ActiveRecord: 0.0ms)


Started POST "/users" for 127.0.0.1 at 2021-11-28 02:22:23 -0300
Processing by Devise::RegistrationsController#create as HTML
  Parameters: {"utf8"=>"✓", "authenticity_token"=>"nWJmWAZVZoC8UDd0YgvFbY+bhjr65iHBNiqykYLhnNSjt/zOsY22lBAFqvDXTgwXva+ecZkxu92GmGdlhwM+GQ==", "user"=>{"email"=>"fsalads@live.es", "password"=>"[FILTERED]", "password_confirmation"=>"[FILTERED]", "avatar"=>#<ActionDispatch::Http::UploadedFile:0x00007f9f674adbd0 @tempfile=#<Tempfile:/var/folders/dx/r3hklpw91nj5m83k8tm_f1pw0000gn/T/RackMultipart20211128-34794-1rmzh9i.png>, @original_filename="unnamed.png", @content_type="image/png", @headers="Content-Disposition: form-data; name=\"user[avatar]\"; filename=\"unnamed.png\"\r\nContent-Type: image/png\r\n">}, "commit"=>"Sign up"}
[36m  S3 Storage (1193.1ms) [0m[32mUploaded file to key: rhCSkcX737D8T2CMz9hgs1Fd (checksum: gjXpa0XZ31TsUCwlcHI1RA==)[0m
  [1m[35m (0.1ms)[0m  [1m[36mbegin transaction[0m
  ↳ /Users/macbook/.rvm/gems/ruby-2.7.3@rails526/gems/activerecord-5.2.6/lib/active_record/log_subscriber.rb:98
  [1m[36mActiveStorage::Blob Create (2.6ms)[0m  [1m[32mINSERT INTO "active_storage_blobs" ("key", "filename", "content_type", "metadata", "byte_size", "checksum", "created_at") VALUES (?, ?, ?, ?, ?, ?, ?)[0m  [["key", "rhCSkcX737D8T2CMz9hgs1Fd"], ["filename", "unnamed.png"], ["content_type", "image/png"], ["metadata", "{\"identified\":true}"], ["byte_size", 35769], ["checksum", "gjXpa0XZ31TsUCwlcHI1RA=="], ["created_at", "2021-11-28 05:22:25.172379"]]
  ↳ /Users/macbook/.rvm/gems/ruby-2.7.3@rails526/gems/activerecord-5.2.6/lib/active_record/log_subscriber.rb:98
  [1m[35m (1.4ms)[0m  [1m[36mcommit transaction[0m
  ↳ /Users/macbook/.rvm/gems/ruby-2.7.3@rails526/gems/activerecord-5.2.6/lib/active_record/log_subscriber.rb:98
  [1m[35m (0.1ms)[0m  [1m[36mbegin transaction[0m
  ↳ /Users/macbook/.rvm/gems/ruby-2.7.3@rails526/gems/activerecord-5.2.6/lib/active_record/log_subscriber.rb:98
  [1m[35m (0.1ms)[0m  [1m[36mcommit transaction[0m
  ↳ /Users/macbook/.rvm/gems/ruby-2.7.3@rails526/gems/activerecord-5.2.6/lib/active_record/log_subscriber.rb:98
  [1m[35m (0.1ms)[0m  [1m[36mbegin transaction[0m
  ↳ /Users/macbook/.rvm/gems/ruby-2.7.3@rails526/gems/activerecord-5.2.6/lib/active_record/log_subscriber.rb:98
  [1m[36mUser Exists (0.2ms)[0m  [1m[34mSELECT  1 AS one FROM "users" WHERE "users"."email" = ? LIMIT ?[0m  [["email", "fsalads@live.es"], ["LIMIT", 1]]
  ↳ /Users/macbook/.rvm/gems/ruby-2.7.3@rails526/gems/activerecord-5.2.6/lib/active_record/log_subscriber.rb:98
  [1m[36mUser Create (1.0ms)[0m  [1m[32mINSERT INTO "users" ("email", "encrypted_password", "created_at", "updated_at") VALUES (?, ?, ?, ?)[0m  [["email", "fsalads@live.es"], ["encrypted_password", "$2a$12$0yUGPfyA2qkIWtnbHmgPFO1RzCDwtpSxQJcemXNfdlgt/a73bGWOu"], ["created_at", "2021-11-28 05:22:25.197506"], ["updated_at", "2021-11-28 05:22:25.197506"]]
  ↳ /Users/macbook/.rvm/gems/ruby-2.7.3@rails526/gems/activerecord-5.2.6/lib/active_record/log_subscriber.rb:98
  [1m[36mActiveStorage::Attachment Create (1.0ms)[0m  [1m[32mINSERT INTO "active_storage_attachments" ("name", "record_type", "record_id", "blob_id", "created_at") VALUES (?, ?, ?, ?, ?)[0m  [["name", "avatar"], ["record_type", "User"], ["record_id", 4], ["blob_id", 1], ["created_at", "2021-11-28 05:22:25.200317"]]
  ↳ /Users/macbook/.rvm/gems/ruby-2.7.3@rails526/gems/activerecord-5.2.6/lib/active_record/log_subscriber.rb:98
  [1m[36mUser Update (0.1ms)[0m  [1m[33mUPDATE "users" SET "updated_at" = ? WHERE "users"."id" = ?[0m  [["updated_at", "2021-11-28 05:22:25.202596"], ["id", 4]]
  ↳ /Users/macbook/.rvm/gems/ruby-2.7.3@rails526/gems/activerecord-5.2.6/lib/active_record/log_subscriber.rb:98
  [1m[35m (1.4ms)[0m  [1m[36mcommit transaction[0m
  ↳ /Users/macbook/.rvm/gems/ruby-2.7.3@rails526/gems/activerecord-5.2.6/lib/active_record/log_subscriber.rb:98
[ActiveJob] Enqueued ActiveStorage::AnalyzeJob (Job ID: 58b915da-c0b9-473f-ad99-0ed7e41ad4d6) to Async(default) with arguments: #<GlobalID:0x00007f9f6892d9c0 @uri=#<URI::GID gid://tes3/ActiveStorage::Blob/1>>
Redirected to http://localhost:3000/
Completed 302 Found in 1706ms (ActiveRecord: 14.7ms)


  [1m[36mActiveStorage::Blob Load (0.2ms)[0m  [1m[34mSELECT  "active_storage_blobs".* FROM "active_storage_blobs" WHERE "active_storage_blobs"."id" = ? LIMIT ?[0m  [["id", 1], ["LIMIT", 1]]
  ↳ /Users/macbook/.rvm/gems/ruby-2.7.3@rails526/gems/activerecord-5.2.6/lib/active_record/log_subscriber.rb:98
[ActiveJob] [ActiveStorage::AnalyzeJob] [58b915da-c0b9-473f-ad99-0ed7e41ad4d6] Performing ActiveStorage::AnalyzeJob (Job ID: 58b915da-c0b9-473f-ad99-0ed7e41ad4d6) from Async(default) with arguments: #<GlobalID:0x00007f9f688fc230 @uri=#<URI::GID gid://tes3/ActiveStorage::Blob/1>>
Started GET "/" for 127.0.0.1 at 2021-11-28 02:22:25 -0300
Processing by HomesController#index as HTML
  Rendering homes/index.html.erb within layouts/application
  Rendered homes/index.html.erb within layouts/application (0.8ms)
Completed 200 OK in 30ms (Views: 28.0ms | ActiveRecord: 0.0ms)


[ActiveJob] [ActiveStorage::AnalyzeJob] [58b915da-c0b9-473f-ad99-0ed7e41ad4d6] [36m  S3 Storage (291.1ms) [0m[34mDownloaded file from key: rhCSkcX737D8T2CMz9hgs1Fd[0m
[ActiveJob] [ActiveStorage::AnalyzeJob] [58b915da-c0b9-473f-ad99-0ed7e41ad4d6] Skipping image analysis because the mini_magick gem isn't installed
[ActiveJob] [ActiveStorage::AnalyzeJob] [58b915da-c0b9-473f-ad99-0ed7e41ad4d6]   [1m[35m (0.1ms)[0m  [1m[36mbegin transaction[0m
[ActiveJob] [ActiveStorage::AnalyzeJob] [58b915da-c0b9-473f-ad99-0ed7e41ad4d6]   ↳ /Users/macbook/.rvm/gems/ruby-2.7.3@rails526/gems/activerecord-5.2.6/lib/active_record/log_subscriber.rb:98
[ActiveJob] [ActiveStorage::AnalyzeJob] [58b915da-c0b9-473f-ad99-0ed7e41ad4d6]   [1m[36mActiveStorage::Blob Update (0.5ms)[0m  [1m[33mUPDATE "active_storage_blobs" SET "metadata" = ? WHERE "active_storage_blobs"."id" = ?[0m  [["metadata", "{\"identified\":true,\"analyzed\":true}"], ["id", 1]]
[ActiveJob] [ActiveStorage::AnalyzeJob] [58b915da-c0b9-473f-ad99-0ed7e41ad4d6]   ↳ /Users/macbook/.rvm/gems/ruby-2.7.3@rails526/gems/activerecord-5.2.6/lib/active_record/log_subscriber.rb:98
[ActiveJob] [ActiveStorage::AnalyzeJob] [58b915da-c0b9-473f-ad99-0ed7e41ad4d6]   [1m[35m (1.0ms)[0m  [1m[36mcommit transaction[0m
[ActiveJob] [ActiveStorage::AnalyzeJob] [58b915da-c0b9-473f-ad99-0ed7e41ad4d6]   ↳ /Users/macbook/.rvm/gems/ruby-2.7.3@rails526/gems/activerecord-5.2.6/lib/active_record/log_subscriber.rb:98
[ActiveJob] [ActiveStorage::AnalyzeJob] [58b915da-c0b9-473f-ad99-0ed7e41ad4d6] Performed ActiveStorage::AnalyzeJob (Job ID: 58b915da-c0b9-473f-ad99-0ed7e41ad4d6) from Async(default) in 303.54ms
Started GET "/" for 127.0.0.1 at 2021-11-28 18:21:08 -0300
  [1m[35m (0.8ms)[0m  [1m[34mSELECT "schema_migrations"."version" FROM "schema_migrations" ORDER BY "schema_migrations"."version" ASC[0m
  ↳ /Users/macbook/.rvm/gems/ruby-2.7.3/gems/activerecord-5.2.6/lib/active_record/log_subscriber.rb:98
Processing by HomesController#index as HTML
  Rendering homes/index.html.erb within layouts/application
  Rendered homes/index.html.erb within layouts/application (2.7ms)
Completed 200 OK in 435ms (Views: 417.0ms | ActiveRecord: 0.0ms)


Started GET "/users/sign_up" for 127.0.0.1 at 2021-11-28 18:21:15 -0300
Processing by Devise::RegistrationsController#new as HTML
  Rendering devise/registrations/new.html.erb within layouts/application
  Rendered devise/shared/_error_messages.html.erb (0.7ms)
  Rendered devise/shared/_links.html.erb (2.0ms)
  Rendered devise/registrations/new.html.erb within layouts/application (488.2ms)
Completed 200 OK in 784ms (Views: 522.1ms | ActiveRecord: 1.0ms)


Started POST "/users" for 127.0.0.1 at 2021-11-28 18:21:33 -0300
Processing by Devise::RegistrationsController#create as HTML
  Parameters: {"utf8"=>"✓", "authenticity_token"=>"qwSrBKjr5O/DxS/QDy8WAx1G4e0pnM2/OiapMWa9NQqBzswlE6QJTZiQdyjSOqbxcZXCszheO664iApn8yFIXQ==", "user"=>{"email"=>"hghgh@gmail.com", "password"=>"[FILTERED]", "password_confirmation"=>"[FILTERED]", "avatar"=>#<ActionDispatch::Http::UploadedFile:0x00007ffd07db3c18 @tempfile=#<Tempfile:/var/folders/dx/r3hklpw91nj5m83k8tm_f1pw0000gn/T/RackMultipart20211128-64358-lg9lf7.jpg>, @original_filename="Perfil-Profissional.jpg", @content_type="image/jpeg", @headers="Content-Disposition: form-data; name=\"user[avatar]\"; filename=\"Perfil-Profissional.jpg\"\r\nContent-Type: image/jpeg\r\n">}, "commit"=>"Sign up"}
[36m  S3 Storage (872.9ms) [0m[32mUploaded file to key: McjzMHfh5FZFBsLWAunVFJwz (checksum: LFEJEHkDf0mA7peDogyHmw==)[0m
  [1m[35m (0.1ms)[0m  [1m[36mbegin transaction[0m
  ↳ /Users/macbook/.rvm/gems/ruby-2.7.3/gems/activerecord-5.2.6/lib/active_record/log_subscriber.rb:98
  [1m[36mActiveStorage::Blob Create (13.2ms)[0m  [1m[32mINSERT INTO "active_storage_blobs" ("key", "filename", "content_type", "metadata", "byte_size", "checksum", "created_at") VALUES (?, ?, ?, ?, ?, ?, ?)[0m  [["key", "McjzMHfh5FZFBsLWAunVFJwz"], ["filename", "Perfil-Profissional.jpg"], ["content_type", "image/jpeg"], ["metadata", "{\"identified\":true}"], ["byte_size", 17488], ["checksum", "LFEJEHkDf0mA7peDogyHmw=="], ["created_at", "2021-11-28 21:21:36.586317"]]
  ↳ /Users/macbook/.rvm/gems/ruby-2.7.3/gems/activerecord-5.2.6/lib/active_record/log_subscriber.rb:98
  [1m[35m (1.4ms)[0m  [1m[36mcommit transaction[0m
  ↳ /Users/macbook/.rvm/gems/ruby-2.7.3/gems/activerecord-5.2.6/lib/active_record/log_subscriber.rb:98
  [1m[35m (0.1ms)[0m  [1m[36mbegin transaction[0m
  ↳ /Users/macbook/.rvm/gems/ruby-2.7.3/gems/activerecord-5.2.6/lib/active_record/log_subscriber.rb:98
  [1m[35m (0.1ms)[0m  [1m[36mcommit transaction[0m
  ↳ /Users/macbook/.rvm/gems/ruby-2.7.3/gems/activerecord-5.2.6/lib/active_record/log_subscriber.rb:98
  [1m[35m (0.1ms)[0m  [1m[36mbegin transaction[0m
  ↳ /Users/macbook/.rvm/gems/ruby-2.7.3/gems/activerecord-5.2.6/lib/active_record/log_subscriber.rb:98
  [1m[36mUser Exists (0.7ms)[0m  [1m[34mSELECT  1 AS one FROM "users" WHERE "users"."email" = ? LIMIT ?[0m  [["email", "hghgh@gmail.com"], ["LIMIT", 1]]
  ↳ /Users/macbook/.rvm/gems/ruby-2.7.3/gems/activerecord-5.2.6/lib/active_record/log_subscriber.rb:98
  [1m[36mUser Create (5.4ms)[0m  [1m[32mINSERT INTO "users" ("email", "encrypted_password", "created_at", "updated_at") VALUES (?, ?, ?, ?)[0m  [["email", "hghgh@gmail.com"], ["encrypted_password", "$2a$12$x.Efh8GuYupH.yzeTY6GsegC7svEh3rOarQ41cFjUnTOdYDxnWW0G"], ["created_at", "2021-11-28 21:21:36.642660"], ["updated_at", "2021-11-28 21:21:36.642660"]]
  ↳ /Users/macbook/.rvm/gems/ruby-2.7.3/gems/activerecord-5.2.6/lib/active_record/log_subscriber.rb:98
  [1m[36mActiveStorage::Attachment Create (0.8ms)[0m  [1m[32mINSERT INTO "active_storage_attachments" ("name", "record_type", "record_id", "blob_id", "created_at") VALUES (?, ?, ?, ?, ?)[0m  [["name", "avatar"], ["record_type", "User"], ["record_id", 5], ["blob_id", 2], ["created_at", "2021-11-28 21:21:36.652694"]]
  ↳ /Users/macbook/.rvm/gems/ruby-2.7.3/gems/activerecord-5.2.6/lib/active_record/log_subscriber.rb:98
  [1m[36mUser Update (0.2ms)[0m  [1m[33mUPDATE "users" SET "updated_at" = ? WHERE "users"."id" = ?[0m  [["updated_at", "2021-11-28 21:21:36.657025"], ["id", 5]]
  ↳ /Users/macbook/.rvm/gems/ruby-2.7.3/gems/activerecord-5.2.6/lib/active_record/log_subscriber.rb:98
  [1m[35m (1.2ms)[0m  [1m[36mcommit transaction[0m
  ↳ /Users/macbook/.rvm/gems/ruby-2.7.3/gems/activerecord-5.2.6/lib/active_record/log_subscriber.rb:98
[ActiveJob] Enqueued ActiveStorage::AnalyzeJob (Job ID: ba9f46d6-6e7d-49b3-ac8c-f02d39147566) to Async(default) with arguments: #<GlobalID:0x00007ffd02e2a818 @uri=#<URI::GID gid://tes3/ActiveStorage::Blob/2>>
  [1m[36mActiveStorage::Blob Load (0.5ms)[0m  [1m[34mSELECT  "active_storage_blobs".* FROM "active_storage_blobs" WHERE "active_storage_blobs"."id" = ? LIMIT ?[0m  [["id", 2], ["LIMIT", 1]]
Redirected to http://localhost:3000/
Completed 302 Found in 2854ms (ActiveRecord: 24.9ms)


  ↳ /Users/macbook/.rvm/gems/ruby-2.7.3/gems/activerecord-5.2.6/lib/active_record/log_subscriber.rb:98
[ActiveJob] [ActiveStorage::AnalyzeJob] [ba9f46d6-6e7d-49b3-ac8c-f02d39147566] Performing ActiveStorage::AnalyzeJob (Job ID: ba9f46d6-6e7d-49b3-ac8c-f02d39147566) from Async(default) with arguments: #<GlobalID:0x00007ffd0897e0c0 @uri=#<URI::GID gid://tes3/ActiveStorage::Blob/2>>
Started GET "/" for 127.0.0.1 at 2021-11-28 18:21:36 -0300
Processing by HomesController#index as HTML
  Rendering homes/index.html.erb within layouts/application
  Rendered homes/index.html.erb within layouts/application (0.8ms)
Completed 200 OK in 81ms (Views: 78.2ms | ActiveRecord: 0.0ms)


[ActiveJob] [ActiveStorage::AnalyzeJob] [ba9f46d6-6e7d-49b3-ac8c-f02d39147566] [36m  S3 Storage (165.0ms) [0m[34mDownloaded file from key: McjzMHfh5FZFBsLWAunVFJwz[0m
[ActiveJob] [ActiveStorage::AnalyzeJob] [ba9f46d6-6e7d-49b3-ac8c-f02d39147566] Skipping image analysis because the mini_magick gem isn't installed
[ActiveJob] [ActiveStorage::AnalyzeJob] [ba9f46d6-6e7d-49b3-ac8c-f02d39147566]   [1m[35m (0.2ms)[0m  [1m[36mbegin transaction[0m
[ActiveJob] [ActiveStorage::AnalyzeJob] [ba9f46d6-6e7d-49b3-ac8c-f02d39147566]   ↳ /Users/macbook/.rvm/gems/ruby-2.7.3/gems/activerecord-5.2.6/lib/active_record/log_subscriber.rb:98
[ActiveJob] [ActiveStorage::AnalyzeJob] [ba9f46d6-6e7d-49b3-ac8c-f02d39147566]   [1m[36mActiveStorage::Blob Update (0.7ms)[0m  [1m[33mUPDATE "active_storage_blobs" SET "metadata" = ? WHERE "active_storage_blobs"."id" = ?[0m  [["metadata", "{\"identified\":true,\"analyzed\":true}"], ["id", 2]]
[ActiveJob] [ActiveStorage::AnalyzeJob] [ba9f46d6-6e7d-49b3-ac8c-f02d39147566]   ↳ /Users/macbook/.rvm/gems/ruby-2.7.3/gems/activerecord-5.2.6/lib/active_record/log_subscriber.rb:98
[ActiveJob] [ActiveStorage::AnalyzeJob] [ba9f46d6-6e7d-49b3-ac8c-f02d39147566]   [1m[35m (3.4ms)[0m  [1m[36mcommit transaction[0m
[ActiveJob] [ActiveStorage::AnalyzeJob] [ba9f46d6-6e7d-49b3-ac8c-f02d39147566]   ↳ /Users/macbook/.rvm/gems/ruby-2.7.3/gems/activerecord-5.2.6/lib/active_record/log_subscriber.rb:98
[ActiveJob] [ActiveStorage::AnalyzeJob] [ba9f46d6-6e7d-49b3-ac8c-f02d39147566] Performed ActiveStorage::AnalyzeJob (Job ID: ba9f46d6-6e7d-49b3-ac8c-f02d39147566) from Async(default) in 215.16ms
Started GET "/" for 127.0.0.1 at 2021-11-28 18:28:22 -0300
  [1m[35m (0.2ms)[0m  [1m[34mSELECT "schema_migrations"."version" FROM "schema_migrations" ORDER BY "schema_migrations"."version" ASC[0m
  ↳ /Users/macbook/.rvm/gems/ruby-2.7.3/gems/activerecord-5.2.6/lib/active_record/log_subscriber.rb:98
Processing by HomesController#index as HTML
  Rendering homes/index.html.erb within layouts/application
  Rendered homes/index.html.erb within layouts/application (1.4ms)
Completed 200 OK in 518ms (Views: 503.6ms | ActiveRecord: 0.0ms)


Started GET "/users/sign_up" for 127.0.0.1 at 2021-11-28 18:28:28 -0300
Processing by Devise::RegistrationsController#new as HTML
  [1m[36mUser Load (0.3ms)[0m  [1m[34mSELECT  "users".* FROM "users" WHERE "users"."id" = ? ORDER BY "users"."id" ASC LIMIT ?[0m  [["id", 5], ["LIMIT", 1]]
  ↳ /Users/macbook/.rvm/gems/ruby-2.7.3/gems/activerecord-5.2.6/lib/active_record/log_subscriber.rb:98
Redirected to http://localhost:3000/
Filter chain halted as :require_no_authentication rendered or redirected
Completed 302 Found in 20ms (ActiveRecord: 1.1ms)


Started GET "/" for 127.0.0.1 at 2021-11-28 18:28:28 -0300
Processing by HomesController#index as HTML
  Rendering homes/index.html.erb within layouts/application
  Rendered homes/index.html.erb within layouts/application (0.3ms)
Completed 200 OK in 52ms (Views: 48.0ms | ActiveRecord: 0.0ms)


Started GET "/users/sign_up" for 127.0.0.1 at 2021-11-28 18:28:32 -0300
Processing by Devise::RegistrationsController#new as HTML
  [1m[36mUser Load (0.2ms)[0m  [1m[34mSELECT  "users".* FROM "users" WHERE "users"."id" = ? ORDER BY "users"."id" ASC LIMIT ?[0m  [["id", 5], ["LIMIT", 1]]
  ↳ /Users/macbook/.rvm/gems/ruby-2.7.3/gems/activerecord-5.2.6/lib/active_record/log_subscriber.rb:98
Redirected to http://localhost:3000/
Filter chain halted as :require_no_authentication rendered or redirected
Completed 302 Found in 2ms (ActiveRecord: 0.2ms)


Started GET "/" for 127.0.0.1 at 2021-11-28 18:28:32 -0300
Processing by HomesController#index as HTML
  Rendering homes/index.html.erb within layouts/application
  Rendered homes/index.html.erb within layouts/application (0.5ms)
Completed 200 OK in 29ms (Views: 27.7ms | ActiveRecord: 0.0ms)


Started GET "/" for 127.0.0.1 at 2021-11-28 18:29:06 -0300
Processing by HomesController#index as HTML
  Rendering homes/index.html.erb within layouts/application
  Rendered homes/index.html.erb within layouts/application (0.4ms)
Completed 200 OK in 29ms (Views: 25.5ms | ActiveRecord: 0.0ms)


Started GET "/users/sign_up" for 127.0.0.1 at 2021-11-28 18:29:12 -0300
Processing by Devise::RegistrationsController#new as HTML
  Rendering devise/registrations/new.html.erb within layouts/application
  Rendered devise/shared/_error_messages.html.erb (0.8ms)
  Rendered devise/shared/_links.html.erb (1.1ms)
  Rendered devise/registrations/new.html.erb within layouts/application (14.5ms)
Completed 200 OK in 51ms (Views: 34.5ms | ActiveRecord: 0.0ms)


Started POST "/users" for 127.0.0.1 at 2021-11-28 18:29:38 -0300
Processing by Devise::RegistrationsController#create as HTML
  Parameters: {"utf8"=>"✓", "authenticity_token"=>"oGiPnLOrCAuLYylgcBhpadxEMtkmqTK7yvckmp1zx8o7yeNRqz6CFC0Q/LIeNbozevDSjTzHdzWo+o72C7nJcQ==", "user"=>{"email"=>"fdfd@gmail.com", "password"=>"[FILTERED]", "password_confirmation"=>"[FILTERED]", "avatar"=>#<ActionDispatch::Http::UploadedFile:0x00007fb8e3907010 @tempfile=#<Tempfile:/var/folders/dx/r3hklpw91nj5m83k8tm_f1pw0000gn/T/RackMultipart20211128-65133-13yop63.jpg>, @original_filename="Perfil-Profissional.jpg", @content_type="image/jpeg", @headers="Content-Disposition: form-data; name=\"user[avatar]\"; filename=\"Perfil-Profissional.jpg\"\r\nContent-Type: image/jpeg\r\n">}, "commit"=>"Sign up"}
[36m  S3 Storage (720.7ms) [0m[32mUploaded file to key: x76A7JqrwdCEHs6UxmU6UwJn (checksum: LFEJEHkDf0mA7peDogyHmw==)[0m
  [1m[35m (0.1ms)[0m  [1m[36mbegin transaction[0m
  ↳ /Users/macbook/.rvm/gems/ruby-2.7.3/gems/activerecord-5.2.6/lib/active_record/log_subscriber.rb:98
  [1m[36mActiveStorage::Blob Create (1.3ms)[0m  [1m[32mINSERT INTO "active_storage_blobs" ("key", "filename", "content_type", "metadata", "byte_size", "checksum", "created_at") VALUES (?, ?, ?, ?, ?, ?, ?)[0m  [["key", "x76A7JqrwdCEHs6UxmU6UwJn"], ["filename", "Perfil-Profissional.jpg"], ["content_type", "image/jpeg"], ["metadata", "{\"identified\":true}"], ["byte_size", 17488], ["checksum", "LFEJEHkDf0mA7peDogyHmw=="], ["created_at", "2021-11-28 21:29:39.378587"]]
  ↳ /Users/macbook/.rvm/gems/ruby-2.7.3/gems/activerecord-5.2.6/lib/active_record/log_subscriber.rb:98
  [1m[35m (12.7ms)[0m  [1m[36mcommit transaction[0m
  ↳ /Users/macbook/.rvm/gems/ruby-2.7.3/gems/activerecord-5.2.6/lib/active_record/log_subscriber.rb:98
  [1m[35m (0.1ms)[0m  [1m[36mbegin transaction[0m
  ↳ /Users/macbook/.rvm/gems/ruby-2.7.3/gems/activerecord-5.2.6/lib/active_record/log_subscriber.rb:98
  [1m[35m (0.1ms)[0m  [1m[36mcommit transaction[0m
  ↳ /Users/macbook/.rvm/gems/ruby-2.7.3/gems/activerecord-5.2.6/lib/active_record/log_subscriber.rb:98
  [1m[35m (0.0ms)[0m  [1m[36mbegin transaction[0m
  ↳ /Users/macbook/.rvm/gems/ruby-2.7.3/gems/activerecord-5.2.6/lib/active_record/log_subscriber.rb:98
  [1m[36mUser Exists (0.2ms)[0m  [1m[34mSELECT  1 AS one FROM "users" WHERE "users"."email" = ? LIMIT ?[0m  [["email", "fdfd@gmail.com"], ["LIMIT", 1]]
  ↳ /Users/macbook/.rvm/gems/ruby-2.7.3/gems/activerecord-5.2.6/lib/active_record/log_subscriber.rb:98
  [1m[36mUser Create (1.0ms)[0m  [1m[32mINSERT INTO "users" ("email", "encrypted_password", "created_at", "updated_at") VALUES (?, ?, ?, ?)[0m  [["email", "fdfd@gmail.com"], ["encrypted_password", "$2a$12$iubfLiG/fGfflyGmcsD8b.3en.ONUn9V8WxRMUrwUnGig3mIhJzlm"], ["created_at", "2021-11-28 21:29:39.412862"], ["updated_at", "2021-11-28 21:29:39.412862"]]
  ↳ /Users/macbook/.rvm/gems/ruby-2.7.3/gems/activerecord-5.2.6/lib/active_record/log_subscriber.rb:98
  [1m[36mActiveStorage::Attachment Create (0.3ms)[0m  [1m[32mINSERT INTO "active_storage_attachments" ("name", "record_type", "record_id", "blob_id", "created_at") VALUES (?, ?, ?, ?, ?)[0m  [["name", "avatar"], ["record_type", "User"], ["record_id", 6], ["blob_id", 3], ["created_at", "2021-11-28 21:29:39.416210"]]
  ↳ /Users/macbook/.rvm/gems/ruby-2.7.3/gems/activerecord-5.2.6/lib/active_record/log_subscriber.rb:98
  [1m[36mUser Update (0.2ms)[0m  [1m[33mUPDATE "users" SET "updated_at" = ? WHERE "users"."id" = ?[0m  [["updated_at", "2021-11-28 21:29:39.417824"], ["id", 6]]
  ↳ /Users/macbook/.rvm/gems/ruby-2.7.3/gems/activerecord-5.2.6/lib/active_record/log_subscriber.rb:98
  [1m[35m (1.4ms)[0m  [1m[36mcommit transaction[0m
  ↳ /Users/macbook/.rvm/gems/ruby-2.7.3/gems/activerecord-5.2.6/lib/active_record/log_subscriber.rb:98
[ActiveJob] Enqueued ActiveStorage::AnalyzeJob (Job ID: 3aa53efa-eca7-475c-8126-1db75b9fbbe3) to Async(default) with arguments: #<GlobalID:0x00007fb8e1ee8f58 @uri=#<URI::GID gid://tes3/ActiveStorage::Blob/3>>
  [1m[36mActiveStorage::Blob Load (0.3ms)[0m  [1m[34mSELECT  "active_storage_blobs".* FROM "active_storage_blobs" WHERE "active_storage_blobs"."id" = ? LIMIT ?[0m  [["id", 3], ["LIMIT", 1]]
Redirected to http://localhost:3000/
Completed 302 Found in 1158ms (ActiveRecord: 18.9ms)


  ↳ /Users/macbook/.rvm/gems/ruby-2.7.3/gems/activerecord-5.2.6/lib/active_record/log_subscriber.rb:98
[ActiveJob] [ActiveStorage::AnalyzeJob] [3aa53efa-eca7-475c-8126-1db75b9fbbe3] Performing ActiveStorage::AnalyzeJob (Job ID: 3aa53efa-eca7-475c-8126-1db75b9fbbe3) from Async(default) with arguments: #<GlobalID:0x00007fb8e236df60 @uri=#<URI::GID gid://tes3/ActiveStorage::Blob/3>>
Started GET "/" for 127.0.0.1 at 2021-11-28 18:29:39 -0300
Processing by HomesController#index as HTML
  Rendering homes/index.html.erb within layouts/application
  Rendered homes/index.html.erb within layouts/application (0.4ms)
Completed 200 OK in 21ms (Views: 19.0ms | ActiveRecord: 0.0ms)


[ActiveJob] [ActiveStorage::AnalyzeJob] [3aa53efa-eca7-475c-8126-1db75b9fbbe3] [36m  S3 Storage (217.0ms) [0m[34mDownloaded file from key: x76A7JqrwdCEHs6UxmU6UwJn[0m
[ActiveJob] [ActiveStorage::AnalyzeJob] [3aa53efa-eca7-475c-8126-1db75b9fbbe3] Skipping image analysis because the mini_magick gem isn't installed
[ActiveJob] [ActiveStorage::AnalyzeJob] [3aa53efa-eca7-475c-8126-1db75b9fbbe3]   [1m[35m (0.1ms)[0m  [1m[36mbegin transaction[0m
[ActiveJob] [ActiveStorage::AnalyzeJob] [3aa53efa-eca7-475c-8126-1db75b9fbbe3]   ↳ /Users/macbook/.rvm/gems/ruby-2.7.3/gems/activerecord-5.2.6/lib/active_record/log_subscriber.rb:98
[ActiveJob] [ActiveStorage::AnalyzeJob] [3aa53efa-eca7-475c-8126-1db75b9fbbe3]   [1m[36mActiveStorage::Blob Update (0.6ms)[0m  [1m[33mUPDATE "active_storage_blobs" SET "metadata" = ? WHERE "active_storage_blobs"."id" = ?[0m  [["metadata", "{\"identified\":true,\"analyzed\":true}"], ["id", 3]]
[ActiveJob] [ActiveStorage::AnalyzeJob] [3aa53efa-eca7-475c-8126-1db75b9fbbe3]   ↳ /Users/macbook/.rvm/gems/ruby-2.7.3/gems/activerecord-5.2.6/lib/active_record/log_subscriber.rb:98
[ActiveJob] [ActiveStorage::AnalyzeJob] [3aa53efa-eca7-475c-8126-1db75b9fbbe3]   [1m[35m (1.2ms)[0m  [1m[36mcommit transaction[0m
[ActiveJob] [ActiveStorage::AnalyzeJob] [3aa53efa-eca7-475c-8126-1db75b9fbbe3]   ↳ /Users/macbook/.rvm/gems/ruby-2.7.3/gems/activerecord-5.2.6/lib/active_record/log_subscriber.rb:98
[ActiveJob] [ActiveStorage::AnalyzeJob] [3aa53efa-eca7-475c-8126-1db75b9fbbe3] Performed ActiveStorage::AnalyzeJob (Job ID: 3aa53efa-eca7-475c-8126-1db75b9fbbe3) from Async(default) in 230.64ms
Started GET "/" for 127.0.0.1 at 2021-11-28 18:30:25 -0300
Processing by HomesController#index as HTML
  Rendering homes/index.html.erb within layouts/application
  Rendered homes/index.html.erb within layouts/application (230.5ms)
Completed 500 Internal Server Error in 235ms (ActiveRecord: 0.0ms)


  
ActionView::Template::Error (undefined local variable or method `curren_user' for #<#<Class:0x00007fb8daf05e70>:0x00007fb8decca1e8>
Did you mean?  current_user):
    1: <h1>Homes#index</h1>
    2: <p>Find me in app/views/homes/index.html.erb</p>
    3: 
    4: <%= imagetag curren_user.avatar %>
  
app/views/homes/index.html.erb:4:in `_app_views_homes_index_html_erb__993932753512655392_22080'
Started GET "/" for 127.0.0.1 at 2021-11-28 18:30:47 -0300
Processing by HomesController#index as HTML
  Rendering homes/index.html.erb within layouts/application
  Rendered homes/index.html.erb within layouts/application (347.5ms)
Completed 500 Internal Server Error in 355ms (ActiveRecord: 0.0ms)


  
ActionView::Template::Error (undefined local variable or method `curren_user' for #<#<Class:0x00007fb8daf05e70>:0x00007fb8e1e50848>
Did you mean?  current_user):
    1: <h1>Homes#index</h1>
    2: <p>Find me in app/views/homes/index.html.erb</p>
    3: 
    4: <%= image_tag curren_user.avatar %>
  
app/views/homes/index.html.erb:4:in `_app_views_homes_index_html_erb__993932753512655392_22740'
Started GET "/" for 127.0.0.1 at 2021-11-28 18:30:57 -0300
Processing by HomesController#index as HTML
  Rendering homes/index.html.erb within layouts/application
  [1m[36mUser Load (0.3ms)[0m  [1m[34mSELECT  "users".* FROM "users" WHERE "users"."id" = ? ORDER BY "users"."id" ASC LIMIT ?[0m  [["id", 6], ["LIMIT", 1]]
  ↳ app/views/homes/index.html.erb:4
  [1m[36mActiveStorage::Attachment Load (0.3ms)[0m  [1m[34mSELECT  "active_storage_attachments".* FROM "active_storage_attachments" WHERE "active_storage_attachments"."record_id" = ? AND "active_storage_attachments"."record_type" = ? AND "active_storage_attachments"."name" = ? LIMIT ?[0m  [["record_id", 6], ["record_type", "User"], ["name", "avatar"], ["LIMIT", 1]]
  ↳ app/views/homes/index.html.erb:4
  [1m[36mActiveStorage::Blob Load (0.2ms)[0m  [1m[34mSELECT  "active_storage_blobs".* FROM "active_storage_blobs" WHERE "active_storage_blobs"."id" = ? LIMIT ?[0m  [["id", 3], ["LIMIT", 1]]
  ↳ app/views/homes/index.html.erb:4
  Rendered homes/index.html.erb within layouts/application (35.2ms)
Completed 200 OK in 59ms (Views: 55.9ms | ActiveRecord: 0.8ms)


Started GET "/rails/active_storage/blobs/eyJfcmFpbHMiOnsibWVzc2FnZSI6IkJBaHBDQT09IiwiZXhwIjpudWxsLCJwdXIiOiJibG9iX2lkIn19--a9d0c2c82ebfb37431b8e7ce9d28f71af27142f9/Perfil-Profissional.jpg" for 127.0.0.1 at 2021-11-28 18:30:57 -0300
Processing by ActiveStorage::BlobsController#show as JPEG
  Parameters: {"signed_id"=>"eyJfcmFpbHMiOnsibWVzc2FnZSI6IkJBaHBDQT09IiwiZXhwIjpudWxsLCJwdXIiOiJibG9iX2lkIn19--a9d0c2c82ebfb37431b8e7ce9d28f71af27142f9", "filename"=>"Perfil-Profissional"}
  [1m[36mActiveStorage::Blob Load (0.2ms)[0m  [1m[34mSELECT  "active_storage_blobs".* FROM "active_storage_blobs" WHERE "active_storage_blobs"."id" = ? LIMIT ?[0m  [["id", 3], ["LIMIT", 1]]
  ↳ /Users/macbook/.rvm/gems/ruby-2.7.3/gems/activerecord-5.2.6/lib/active_record/log_subscriber.rb:98
[36m  S3 Storage (3.0ms) [0m[34mGenerated URL for file at key: x76A7JqrwdCEHs6UxmU6UwJn (https://marketvisual.s3.sa-east-1.amazonaws.com/x76A7JqrwdCEHs6UxmU6UwJn?response-content-disposition=inline%3B%20filename%3D%22Perfil-Profissional.jpg%22%3B%20filename%2A%3DUTF-8%27%27Perfil-Profissional.jpg&response-content-type=image%2Fjpeg&X-Amz-Algorithm=AWS4-HMAC-SHA256&X-Amz-Credential=AKIASXEHRGHT562C5FHW%2F20211128%2Fsa-east-1%2Fs3%2Faws4_request&X-Amz-Date=20211128T213057Z&X-Amz-Expires=300&X-Amz-SignedHeaders=host&X-Amz-Signature=81b2fb14e019d6e8993caa30c3f82c7b105b6945918af1b3cb4902127a902837)[0m
Redirected to https://marketvisual.s3.sa-east-1.amazonaws.com/x76A7JqrwdCEHs6UxmU6UwJn?response-content-disposition=inline%3B%20filename%3D%22Perfil-Profissional.jpg%22%3B%20filename%2A%3DUTF-8%27%27Perfil-Profissional.jpg&response-content-type=image%2Fjpeg&X-Amz-Algorithm=AWS4-HMAC-SHA256&X-Amz-Credential=AKIASXEHRGHT562C5FHW%2F20211128%2Fsa-east-1%2Fs3%2Faws4_request&X-Amz-Date=20211128T213057Z&X-Amz-Expires=300&X-Amz-SignedHeaders=host&X-Amz-Signature=81b2fb14e019d6e8993caa30c3f82c7b105b6945918af1b3cb4902127a902837
Completed 302 Found in 10ms (ActiveRecord: 0.2ms)


  [1m[35m (0.2ms)[0m  [1m[34mSELECT "schema_migrations"."version" FROM "schema_migrations" ORDER BY "schema_migrations"."version" ASC[0m
  ↳ bin/rails:9
Migrating to CreatePublications (20211128214338)
  [1m[35m (0.1ms)[0m  [1m[36mbegin transaction[0m
  ↳ bin/rails:9
  [1m[35m (1.1ms)[0m  [1m[34mSELECT sqlite_version(*)[0m
  ↳ db/migrate/20211128214338_create_publications.rb:3
  [1m[35m (0.6ms)[0m  [1m[35mCREATE TABLE "publications" ("id" integer PRIMARY KEY AUTOINCREMENT NOT NULL, "score" integer, "title" varchar, "description" varchar, "value" integer, "created_at" datetime NOT NULL, "updated_at" datetime NOT NULL)[0m
  ↳ db/migrate/20211128214338_create_publications.rb:3
  [1m[36mActiveRecord::SchemaMigration Create (0.5ms)[0m  [1m[32mINSERT INTO "schema_migrations" ("version") VALUES (?)[0m  [["version", "20211128214338"]]
  ↳ bin/rails:9
  [1m[35m (2.7ms)[0m  [1m[36mcommit transaction[0m
  ↳ bin/rails:9
  [1m[36mActiveRecord::InternalMetadata Load (0.3ms)[0m  [1m[34mSELECT  "ar_internal_metadata".* FROM "ar_internal_metadata" WHERE "ar_internal_metadata"."key" = ? LIMIT ?[0m  [["key", "environment"], ["LIMIT", 1]]
  ↳ bin/rails:9
  [1m[35m (0.1ms)[0m  [1m[36mbegin transaction[0m
  ↳ bin/rails:9
  [1m[35m (0.1ms)[0m  [1m[36mcommit transaction[0m
  ↳ bin/rails:9
  [1m[35m (0.2ms)[0m  [1m[34mSELECT "schema_migrations"."version" FROM "schema_migrations" ORDER BY "schema_migrations"."version" ASC[0m
  ↳ bin/rails:9
